============================================================
  Generated by:           Genus(TM) Synthesis Solution GENUS15.20 - 15.20-p004_1
  Generated on:           May 24 2024  10:01:07 am
  Module:                 alu
  Interconnect mode:      global
  Area mode:              timing library
============================================================

Timing
--------

Clock Period 
-------------
clk   1000.0 


  Cost    Critical       Violating 
 Group   Path Slack TNS    Paths   
-----------------------------------
default         0.2   0          0 
-----------------------------------
Total                 0          0 

Instance Count
--------------
Leaf Instance Count             229 
Sequential Instance Count        22 
Combinational Instance Count    207 
Hierarchical Instance Count       0 

Area
----
Cell Area                          1865.539
Physical Cell Area                 0.000
Total Cell Area (Cell+Physical)    1865.539
Net Area                           1208.086
Total Area (Cell+Physical+Net)     3073.625

Max Fanout                         22 (clk)
Min Fanout                         0 (result_subtractor[1])
Average Fanout                     2.1
Terms to net ratio                 3.0
Terms to instance ratio            3.2
Runtime                            21.380 seconds
Elapsed Runtime                    33 seconds
RC peak memory usage:              444.74 
EDI peak memory usage:             no_value 
Hostname                           centos7
