============================================================
  Generated by:           Genus(TM) Synthesis Solution GENUS15.20 - 15.20-p004_1
  Generated on:           May 24 2024  10:01:07 am
  Module:                 alu
  Interconnect mode:      global
  Area mode:              timing library
============================================================

                                                
           Gate             Instances    Area                Library             
---------------------------------------------------------------------------------
sky130_fd_sc_hd__a21boi_1           1     7.507    sky130_fd_sc_hd__tt_025C_1v80 
sky130_fd_sc_hd__a21oi_1            1     5.005    sky130_fd_sc_hd__tt_025C_1v80 
sky130_fd_sc_hd__a21oi_2            1     8.758    sky130_fd_sc_hd__tt_025C_1v80 
sky130_fd_sc_hd__a2bb2oi_2          1    15.014    sky130_fd_sc_hd__tt_025C_1v80 
sky130_fd_sc_hd__and2_0             1     6.256    sky130_fd_sc_hd__tt_025C_1v80 
sky130_fd_sc_hd__and2_1             1     6.256    sky130_fd_sc_hd__tt_025C_1v80 
sky130_fd_sc_hd__and3b_1            1     8.758    sky130_fd_sc_hd__tt_025C_1v80 
sky130_fd_sc_hd__clkinv_1           2     7.507    sky130_fd_sc_hd__tt_025C_1v80 
sky130_fd_sc_hd__clkinv_2           1     5.005    sky130_fd_sc_hd__tt_025C_1v80 
sky130_fd_sc_hd__clkinv_4           1     8.758    sky130_fd_sc_hd__tt_025C_1v80 
sky130_fd_sc_hd__clkinv_8           4    65.062    sky130_fd_sc_hd__tt_025C_1v80 
sky130_fd_sc_hd__dfsbp_1            3    86.333    sky130_fd_sc_hd__tt_025C_1v80 
sky130_fd_sc_hd__dfstp_1            6   157.651    sky130_fd_sc_hd__tt_025C_1v80 
sky130_fd_sc_hd__dfxbp_1            3    71.318    sky130_fd_sc_hd__tt_025C_1v80 
sky130_fd_sc_hd__dfxtp_1           10   200.192    sky130_fd_sc_hd__tt_025C_1v80 
sky130_fd_sc_hd__inv_1              6    22.522    sky130_fd_sc_hd__tt_025C_1v80 
sky130_fd_sc_hd__inv_2             15    56.304    sky130_fd_sc_hd__tt_025C_1v80 
sky130_fd_sc_hd__inv_4              4    25.024    sky130_fd_sc_hd__tt_025C_1v80 
sky130_fd_sc_hd__inv_6              4    35.034    sky130_fd_sc_hd__tt_025C_1v80 
sky130_fd_sc_hd__inv_8              2    22.522    sky130_fd_sc_hd__tt_025C_1v80 
sky130_fd_sc_hd__nand2_1           43   161.405    sky130_fd_sc_hd__tt_025C_1v80 
sky130_fd_sc_hd__nand2_2           15    93.840    sky130_fd_sc_hd__tt_025C_1v80 
sky130_fd_sc_hd__nand2_4           15   168.912    sky130_fd_sc_hd__tt_025C_1v80 
sky130_fd_sc_hd__nand2_8            2    40.038    sky130_fd_sc_hd__tt_025C_1v80 
sky130_fd_sc_hd__nand2b_1           4    25.024    sky130_fd_sc_hd__tt_025C_1v80 
sky130_fd_sc_hd__nand3_1           17    85.082    sky130_fd_sc_hd__tt_025C_1v80 
sky130_fd_sc_hd__nand3_2            4    40.038    sky130_fd_sc_hd__tt_025C_1v80 
sky130_fd_sc_hd__nand3b_1           6    45.043    sky130_fd_sc_hd__tt_025C_1v80 
sky130_fd_sc_hd__nand4_1            9    56.304    sky130_fd_sc_hd__tt_025C_1v80 
sky130_fd_sc_hd__nand4b_1           1     8.758    sky130_fd_sc_hd__tt_025C_1v80 
sky130_fd_sc_hd__nor2_1            10    37.536    sky130_fd_sc_hd__tt_025C_1v80 
sky130_fd_sc_hd__nor2_2            10    62.560    sky130_fd_sc_hd__tt_025C_1v80 
sky130_fd_sc_hd__nor2_4             3    33.782    sky130_fd_sc_hd__tt_025C_1v80 
sky130_fd_sc_hd__nor2_8             1    20.019    sky130_fd_sc_hd__tt_025C_1v80 
sky130_fd_sc_hd__nor2b_1            2    12.512    sky130_fd_sc_hd__tt_025C_1v80 
sky130_fd_sc_hd__o211ai_1           1     7.507    sky130_fd_sc_hd__tt_025C_1v80 
sky130_fd_sc_hd__o21a_1             1     7.507    sky130_fd_sc_hd__tt_025C_1v80 
sky130_fd_sc_hd__o21ai_1            9    45.043    sky130_fd_sc_hd__tt_025C_1v80 
sky130_fd_sc_hd__o21ai_2            3    26.275    sky130_fd_sc_hd__tt_025C_1v80 
sky130_fd_sc_hd__o21ai_4            1    16.266    sky130_fd_sc_hd__tt_025C_1v80 
sky130_fd_sc_hd__o22ai_1            1     6.256    sky130_fd_sc_hd__tt_025C_1v80 
sky130_fd_sc_hd__o2bb2ai_1          1     8.758    sky130_fd_sc_hd__tt_025C_1v80 
sky130_fd_sc_hd__o2bb2ai_4          1    27.526    sky130_fd_sc_hd__tt_025C_1v80 
sky130_fd_sc_hd__xnor2_1            1     8.758    sky130_fd_sc_hd__tt_025C_1v80 
---------------------------------------------------------------------------------
total                             229  1865.539                                  


                                     
   Type    Instances   Area   Area % 
-------------------------------------
sequential        22  515.494   27.6 
inverter          39  247.738   13.3 
logic            168 1102.307   59.1 
-------------------------------------
total            229 1865.539  100.0 

