============================================================
  Generated by:           Genus(TM) Synthesis Solution GENUS15.20 - 15.20-p004_1
  Generated on:           May 22 2024  09:12:38 pm
  Module:                 counter
  Interconnect mode:      global
  Area mode:              timing library
============================================================

                                               
           Gate             Instances   Area                Library             
--------------------------------------------------------------------------------
sky130_fd_sc_hd__clkinv_2           1    5.005    sky130_fd_sc_hd__tt_025C_1v80 
sky130_fd_sc_hd__dfrtp_1            3   75.072    sky130_fd_sc_hd__tt_025C_1v80 
sky130_fd_sc_hd__dfrtp_2            1   26.275    sky130_fd_sc_hd__tt_025C_1v80 
sky130_fd_sc_hd__inv_2              2    7.507    sky130_fd_sc_hd__tt_025C_1v80 
sky130_fd_sc_hd__nand2_1            3   11.261    sky130_fd_sc_hd__tt_025C_1v80 
sky130_fd_sc_hd__nand2_2            1    6.256    sky130_fd_sc_hd__tt_025C_1v80 
sky130_fd_sc_hd__nand3b_1           1    7.507    sky130_fd_sc_hd__tt_025C_1v80 
sky130_fd_sc_hd__nor2_2             1    6.256    sky130_fd_sc_hd__tt_025C_1v80 
sky130_fd_sc_hd__o2bb2ai_1          1    8.758    sky130_fd_sc_hd__tt_025C_1v80 
sky130_fd_sc_hd__xnor2_1            2   17.517    sky130_fd_sc_hd__tt_025C_1v80 
sky130_fd_sc_hd__xor2_1             2   17.517    sky130_fd_sc_hd__tt_025C_1v80 
sky130_fd_sc_hd__xor2_2             1   16.266    sky130_fd_sc_hd__tt_025C_1v80 
--------------------------------------------------------------------------------
total                              19  205.197                                  


                                    
   Type    Instances   Area  Area % 
------------------------------------
sequential         4 101.347   49.4 
inverter           3  12.512    6.1 
logic             12  91.338   44.5 
------------------------------------
total             19 205.197  100.0 

