============================================================
  Generated by:           Genus(TM) Synthesis Solution GENUS15.20 - 15.20-p004_1
  Generated on:           May 22 2024  09:12:38 pm
  Module:                 counter
  Interconnect mode:      global
  Area mode:              timing library
============================================================

Timing
--------

Clock Period 
-------------
clk   1000.0 


  Cost    Critical       Violating 
 Group   Path Slack TNS    Paths   
-----------------------------------
default         0.2   0          0 
-----------------------------------
Total                 0          0 

Instance Count
--------------
Leaf Instance Count             19 
Sequential Instance Count        4 
Combinational Instance Count    15 
Hierarchical Instance Count      0 

Area
----
Cell Area                          205.197
Physical Cell Area                 0.000
Total Cell Area (Cell+Physical)    205.197
Net Area                           97.635
Total Area (Cell+Physical+Net)     302.832

Max Fanout                         5 (out[2])
Min Fanout                         1 (n_0)
Average Fanout                     2.1
Terms to net ratio                 2.8
Terms to instance ratio            3.2
Runtime                            10.960 seconds
Elapsed Runtime                    22 seconds
RC peak memory usage:              439.79 
EDI peak memory usage:             no_value 
Hostname                           centos7
